Base path: 'C:/Program Files/Unity/Hub/Editor/2019.4.10f1/Editor/Data', plugins path 'C:/Program Files/Unity/Hub/Editor/2019.4.10f1/Editor/Data/PlaybackEngines'
Cmd: initializeCompiler
Cmd: preprocessCompute
  insize=7928 outsize=7930 ok=1
Cmd: preprocessCompute
  insize=10618 outsize=10620 ok=1
Cmd: preprocessCompute
  insize=6990 outsize=6992 ok=1
Cmd: preprocessCompute
  insize=7410 outsize=7412 ok=1
Cmd: preprocess
  insize=37581 outsize=617 ok=1
Cmd: preprocessCompute
  insize=5480 outsize=5482 ok=1
Cmd: preprocessCompute
  insize=4864 outsize=4866 ok=1
Cmd: preprocess
  insize=37972 outsize=613 ok=1
Cmd: preprocessCompute
  insize=7457 outsize=7459 ok=1
Cmd: preprocessCompute
  insize=11523 outsize=11525 ok=1
Cmd: preprocess
  insize=37050 outsize=612 ok=1
